{"name": "# C5472 Add New User", "status": "failed", "statusDetails": {"message": "AssertionError\n", "trace": "  File \"c:\\users\\rapid\\appdata\\local\\programs\\python\\python38-32\\lib\\site-packages\\behave\\model.py\", line 1329, in run\n    match.run(runner.context)\n  File \"c:\\users\\rapid\\appdata\\local\\programs\\python\\python38-32\\lib\\site-packages\\behave\\matchers.py\", line 98, in run\n    self.func(context, *args, **kwargs)\n  File \"features\\steps\\C5472_Add_new_user.py\", line 57, in vrf_usr_is_hr\n    context.app.main_page.vrf_usr_is_hr(text_hr)\n  File \"C:\\Everything\\IT\\Testing\\Automation_08_09_2019\\UIautomation_python\\pages\\main_page.py\", line 135, in vrf_usr_is_hr\n    assert expected_text in actual_text\n"}, "steps": [{"name": "Given Loginpage", "status": "passed", "start": 1600130876538, "stop": 1600130879074}, {"name": "Then Login with the given credentials", "status": "passed", "start": 1600130879074, "stop": 1600130879966}, {"name": "Then Click on the Users button", "status": "passed", "start": 1600130879967, "stop": 1600130881173}, {"name": "Then Click on the Quick actions button", "status": "passed", "start": 1600130881174, "stop": 1600130881570}, {"name": "Then Select Add in the drop-down menu", "status": "passed", "start": 1600130881570, "stop": 1600130881766}, {"name": "Then Fill out the required fields", "status": "passed", "start": 1600130881767, "stop": 1600130883977}, {"name": "And Click on the Add button", "status": "passed", "start": 1600130883978, "stop": 1600130884091}, {"name": "Then Verify the word Verification Pending is here", "status": "failed", "statusDetails": {"message": "AssertionError\n", "trace": "  File \"c:\\users\\rapid\\appdata\\local\\programs\\python\\python38-32\\lib\\site-packages\\behave\\model.py\", line 1329, in run\n    match.run(runner.context)\n  File \"c:\\users\\rapid\\appdata\\local\\programs\\python\\python38-32\\lib\\site-packages\\behave\\matchers.py\", line 98, in run\n    self.func(context, *args, **kwargs)\n  File \"features\\steps\\C5472_Add_new_user.py\", line 57, in vrf_usr_is_hr\n    context.app.main_page.vrf_usr_is_hr(text_hr)\n  File \"C:\\Everything\\IT\\Testing\\Automation_08_09_2019\\UIautomation_python\\pages\\main_page.py\", line 135, in vrf_usr_is_hr\n    assert expected_text in actual_text\n"}, "start": 1600130884091, "stop": 1600130884169}], "start": 1600130871261, "stop": 1600130886286, "uuid": "6826f67b-b33f-4262-93d5-5d4465309d2d", "historyId": "9e5459a23f71aa5ecb178366876d40a3", "labels": [{"name": "severity", "value": "normal"}, {"name": "feature", "value": "# C5472 Add New User"}, {"name": "framework", "value": "behave"}, {"name": "language", "value": "cpython3"}]}