{"name": "# C5472 Add New User", "status": "failed", "statusDetails": {"message": "AssertionError\n", "trace": "  File \"c:\\users\\rapid\\appdata\\local\\programs\\python\\python38-32\\lib\\site-packages\\behave\\model.py\", line 1329, in run\n    match.run(runner.context)\n  File \"c:\\users\\rapid\\appdata\\local\\programs\\python\\python38-32\\lib\\site-packages\\behave\\matchers.py\", line 98, in run\n    self.func(context, *args, **kwargs)\n  File \"features\\steps\\C5472_Add_new_user.py\", line 57, in vrf_usr_is_hr\n    context.app.main_page.vrf_usr_is_hr(text_hr)\n  File \"C:\\Everything\\IT\\Testing\\Automation_08_09_2019\\UIautomation_python\\pages\\main_page.py\", line 130, in vrf_usr_is_hr\n    assert expected_text in actual_text\n"}, "steps": [{"name": "Given Loginpage", "status": "passed", "start": 1599964236768, "stop": 1599964239559}, {"name": "Then Login with the given credentials", "status": "passed", "start": 1599964239559, "stop": 1599964241381}, {"name": "Then Click on the Users button", "status": "passed", "start": 1599964241381, "stop": 1599964242564}, {"name": "Then Click on the Quick actions button", "status": "passed", "start": 1599964242564, "stop": 1599964243063}, {"name": "Then Select Add in the drop-down menu", "status": "passed", "start": 1599964243063, "stop": 1599964243255}, {"name": "Then Fill out the required fields", "status": "passed", "start": 1599964243255, "stop": 1599964245599}, {"name": "And Click on the Add button", "status": "passed", "start": 1599964245599, "stop": 1599964245714}, {"name": "Then Verify the word Verification Pending is here", "status": "failed", "statusDetails": {"message": "AssertionError\n", "trace": "  File \"c:\\users\\rapid\\appdata\\local\\programs\\python\\python38-32\\lib\\site-packages\\behave\\model.py\", line 1329, in run\n    match.run(runner.context)\n  File \"c:\\users\\rapid\\appdata\\local\\programs\\python\\python38-32\\lib\\site-packages\\behave\\matchers.py\", line 98, in run\n    self.func(context, *args, **kwargs)\n  File \"features\\steps\\C5472_Add_new_user.py\", line 57, in vrf_usr_is_hr\n    context.app.main_page.vrf_usr_is_hr(text_hr)\n  File \"C:\\Everything\\IT\\Testing\\Automation_08_09_2019\\UIautomation_python\\pages\\main_page.py\", line 130, in vrf_usr_is_hr\n    assert expected_text in actual_text\n"}, "start": 1599964245714, "stop": 1599964245761}], "start": 1599964231432, "stop": 1599964247874, "uuid": "9e3f9340-a75c-485d-ae18-f1d597b6f246", "historyId": "9e5459a23f71aa5ecb178366876d40a3", "labels": [{"name": "severity", "value": "normal"}, {"name": "feature", "value": "# C5472 Add New User"}, {"name": "framework", "value": "behave"}, {"name": "language", "value": "cpython3"}]}