{"name": "# C5472 Add New User", "status": "failed", "statusDetails": {"message": "AssertionError\n", "trace": "  File \"c:\\users\\rapid\\appdata\\local\\programs\\python\\python38-32\\lib\\site-packages\\behave\\model.py\", line 1329, in run\n    match.run(runner.context)\n  File \"c:\\users\\rapid\\appdata\\local\\programs\\python\\python38-32\\lib\\site-packages\\behave\\matchers.py\", line 98, in run\n    self.func(context, *args, **kwargs)\n  File \"features\\steps\\C5472_Add_new_user.py\", line 57, in vrf_usr_is_hr\n    context.app.main_page.vrf_usr_is_hr(text_hr)\n  File \"C:\\Everything\\IT\\Testing\\Automation_08_09_2019\\UIautomation_python\\pages\\main_page.py\", line 135, in vrf_usr_is_hr\n    assert expected_text in actual_text\n"}, "steps": [{"name": "Given Loginpage", "status": "passed", "start": 1600130621261, "stop": 1600130624401}, {"name": "Then Login with the given credentials", "status": "passed", "start": 1600130624401, "stop": 1600130625356}, {"name": "Then Click on the Users button", "status": "passed", "start": 1600130625357, "stop": 1600130626556}, {"name": "Then Click on the Quick actions button", "status": "passed", "start": 1600130626556, "stop": 1600130627362}, {"name": "Then Select Add in the drop-down menu", "status": "passed", "start": 1600130627363, "stop": 1600130627524}, {"name": "Then Fill out the required fields", "status": "passed", "start": 1600130627524, "stop": 1600130629774}, {"name": "And Click on the Add button", "status": "passed", "start": 1600130629774, "stop": 1600130629874}, {"name": "Then Verify the word Verification Pending is here", "status": "failed", "statusDetails": {"message": "AssertionError\n", "trace": "  File \"c:\\users\\rapid\\appdata\\local\\programs\\python\\python38-32\\lib\\site-packages\\behave\\model.py\", line 1329, in run\n    match.run(runner.context)\n  File \"c:\\users\\rapid\\appdata\\local\\programs\\python\\python38-32\\lib\\site-packages\\behave\\matchers.py\", line 98, in run\n    self.func(context, *args, **kwargs)\n  File \"features\\steps\\C5472_Add_new_user.py\", line 57, in vrf_usr_is_hr\n    context.app.main_page.vrf_usr_is_hr(text_hr)\n  File \"C:\\Everything\\IT\\Testing\\Automation_08_09_2019\\UIautomation_python\\pages\\main_page.py\", line 135, in vrf_usr_is_hr\n    assert expected_text in actual_text\n"}, "start": 1600130629877, "stop": 1600130629940}], "start": 1600130615942, "stop": 1600130632079, "uuid": "bf613c76-2a08-48bd-9251-f4b3d5771146", "historyId": "9e5459a23f71aa5ecb178366876d40a3", "labels": [{"name": "severity", "value": "normal"}, {"name": "feature", "value": "# C5472 Add New User"}, {"name": "framework", "value": "behave"}, {"name": "language", "value": "cpython3"}]}